<?xml version="1.0" encoding="UTF-8"?>
<testng-results ignored="0" total="3" passed="3" failed="0" skipped="0">
  <reporter-output>
  </reporter-output>
  <suite started-at="2021-10-29T23:02:04 GST" name="UI Automation Assignment " finished-at="2021-10-29T23:02:53 GST" duration-ms="48361">
    <groups>
    </groups>
    <test started-at="2021-10-29T23:02:04 GST" name="Case 1_Drag and Drop Test Case" finished-at="2021-10-29T23:02:36 GST" duration-ms="31555">
      <class name="com.qa.web.test.DragAndDropTest">
        <test-method is-config="true" signature="setup()[pri:0, instance:com.qa.web.test.DragAndDropTest@75d3a5e0]" started-at="2021-10-29T23:02:04 GST" name="setup" finished-at="2021-10-29T23:02:28 GST" duration-ms="23851" status="PASS">
          <reporter-output>
          </reporter-output>
        </test-method> <!-- setup -->
        <test-method signature="dragAndDrop()[pri:0, instance:com.qa.web.test.DragAndDropTest@75d3a5e0]" started-at="2021-10-29T23:02:28 GST" name="dragAndDrop" finished-at="2021-10-29T23:02:36 GST" duration-ms="7601" status="PASS">
          <reporter-output>
          </reporter-output>
        </test-method> <!-- dragAndDrop -->
        <test-method is-config="true" signature="teardown()[pri:0, instance:com.qa.web.test.DragAndDropTest@75d3a5e0]" started-at="2021-10-29T23:02:36 GST" name="teardown" finished-at="2021-10-29T23:02:36 GST" duration-ms="64" status="PASS">
          <reporter-output>
          </reporter-output>
        </test-method> <!-- teardown -->
      </class> <!-- com.qa.web.test.DragAndDropTest -->
    </test> <!-- Case 1_Drag and Drop Test Case -->
    <test started-at="2021-10-29T23:02:36 GST" name="Case 2_Select Item Test Case" finished-at="2021-10-29T23:02:47 GST" duration-ms="10967">
      <class name="com.qa.web.test.SelectItemTest">
        <test-method is-config="true" signature="setup()[pri:0, instance:com.qa.web.test.SelectItemTest@52f27fbd]" started-at="2021-10-29T23:02:36 GST" name="setup" finished-at="2021-10-29T23:02:45 GST" duration-ms="8742" status="PASS">
          <reporter-output>
          </reporter-output>
        </test-method> <!-- setup -->
        <test-method signature="selectItems()[pri:0, instance:com.qa.web.test.SelectItemTest@52f27fbd]" started-at="2021-10-29T23:02:45 GST" name="selectItems" finished-at="2021-10-29T23:02:47 GST" duration-ms="2174" status="PASS">
          <reporter-output>
          </reporter-output>
        </test-method> <!-- selectItems -->
        <test-method is-config="true" signature="teardown()[pri:0, instance:com.qa.web.test.SelectItemTest@52f27fbd]" started-at="2021-10-29T23:02:47 GST" name="teardown" finished-at="2021-10-29T23:02:47 GST" duration-ms="49" status="PASS">
          <reporter-output>
          </reporter-output>
        </test-method> <!-- teardown -->
      </class> <!-- com.qa.web.test.SelectItemTest -->
    </test> <!-- Case 2_Select Item Test Case -->
    <test started-at="2021-10-29T23:02:47 GST" name="Case 3_ControlGroup Test Case" finished-at="2021-10-29T23:02:53 GST" duration-ms="5821">
      <class name="com.qa.web.test.ControlgroupTest">
        <test-method is-config="true" signature="setup()[pri:0, instance:com.qa.web.test.ControlgroupTest@70cf32e3]" started-at="2021-10-29T23:02:47 GST" name="setup" finished-at="2021-10-29T23:02:50 GST" duration-ms="3228" status="PASS">
          <reporter-output>
          </reporter-output>
        </test-method> <!-- setup -->
        <test-method signature="selectRadioButtonAndCheckBox()[pri:0, instance:com.qa.web.test.ControlgroupTest@70cf32e3]" started-at="2021-10-29T23:02:50 GST" name="selectRadioButtonAndCheckBox" finished-at="2021-10-29T23:02:53 GST" duration-ms="2540" status="PASS">
          <reporter-output>
          </reporter-output>
        </test-method> <!-- selectRadioButtonAndCheckBox -->
        <test-method is-config="true" signature="teardown()[pri:0, instance:com.qa.web.test.ControlgroupTest@70cf32e3]" started-at="2021-10-29T23:02:53 GST" name="teardown" finished-at="2021-10-29T23:02:53 GST" duration-ms="52" status="PASS">
          <reporter-output>
          </reporter-output>
        </test-method> <!-- teardown -->
      </class> <!-- com.qa.web.test.ControlgroupTest -->
    </test> <!-- Case 3_ControlGroup Test Case -->
  </suite> <!-- UI Automation Assignment  -->
</testng-results>
